<!DOCTYPE html PUBLIC "-//W3C//DTD XHTML 1.1//EN" "http://www.w3.org/TR/xhtml11/DTD/xhtml11.dtd">
<html xmlns="http://www.w3.org/1999/xhtml"><head><title>TestNG Report</title><style type="text/css">table {margin-bottom:10px;border-collapse:collapse;empty-cells:show}th,td {border:1px solid #009;padding:.25em .5em}th {vertical-align:bottom}td {vertical-align:top}table a {font-weight:bold}.stripe td {background-color: #E6EBF9}.num {text-align:right}.passedodd td {background-color: #3F3}.passedeven td {background-color: #0A0}.skippedodd td {background-color: #DDD}.skippedeven td {background-color: #CCC}.failedodd td,.attn {background-color: #F33}.failedeven td,.stripe .attn {background-color: #D00}.stacktrace {white-space:pre;font-family:monospace}.totop {font-size:85%;text-align:center;border-bottom:2px solid #000}</style></head><body><table><tr><th>Test</th><th># Passed</th><th># Skipped</th><th># Failed</th><th>Time (ms)</th><th>Included Groups</th><th>Excluded Groups</th></tr><tr><th colspan="7">Suite1</th></tr><tr><td><a href="#t0">nseTestcase</a></td><td class="num">4</td><td class="num">0</td><td class="num attn">5</td><td class="num">156</td><td></td><td></td></tr></table><table><thead><tr><th>Class</th><th>Method</th><th>Start</th><th>Time (ms)</th></tr></thead><tbody><tr><th colspan="4">Suite1</th></tr></tbody><tbody id="t0"><tr><th colspan="4">nseTestcase &#8212; failed</th></tr><tr class="failedeven"><td rowspan="3">com.testng.selenium.Sample2</td><td><a href="#m0">m1</a></td><td rowspan="1">1591205571811</td><td rowspan="1">2</td></tr><tr class="failedeven"><td><a href="#m1">m2</a></td><td rowspan="1">1591205571842</td><td rowspan="1">2</td></tr><tr class="failedeven"><td><a href="#m2">m3</a></td><td rowspan="1">1591205571851</td><td rowspan="1">4</td></tr><tr class="failedodd"><td rowspan="2">com.testng.selenium.Sample3</td><td><a href="#m3">m1</a></td><td rowspan="1">1591205571864</td><td rowspan="1">3</td></tr><tr class="failedodd"><td><a href="#m4">m3</a></td><td rowspan="1">1591205571881</td><td rowspan="1">1</td></tr><tr><th colspan="4">nseTestcase &#8212; passed</th></tr><tr class="passedeven"><td rowspan="3">com.testng.selenium.Sample1</td><td><a href="#m5">m1</a></td><td rowspan="1">1591205571763</td><td rowspan="1">28</td></tr><tr class="passedeven"><td><a href="#m6">m2</a></td><td rowspan="1">1591205571794</td><td rowspan="1">2</td></tr><tr class="passedeven"><td><a href="#m7">m3</a></td><td rowspan="1">1591205571800</td><td rowspan="1">4</td></tr><tr class="passedodd"><td rowspan="1">com.testng.selenium.Sample3</td><td><a href="#m8">m2</a></td><td rowspan="1">1591205571877</td><td rowspan="1">2</td></tr></tbody></table><h2>nseTestcase</h2><h3 id="m0">com.testng.selenium.Sample2#m1</h3><table class="result"><tr><th>Exception</th></tr><tr><td><div class="stacktrace">java.lang.AssertionError: expected [true] but found [false]
	at com.testng.selenium.Sample2.m1(Sample2.java:9)
... Removed 29 stack frames</div></td></tr></table><p class="totop"><a href="#summary">back to summary</a></p><h3 id="m1">com.testng.selenium.Sample2#m2</h3><table class="result"><tr><th>Exception</th></tr><tr><td><div class="stacktrace">java.lang.AssertionError: expected [true] but found [false]
	at com.testng.selenium.Sample2.m2(Sample2.java:14)
... Removed 29 stack frames</div></td></tr></table><p class="totop"><a href="#summary">back to summary</a></p><h3 id="m2">com.testng.selenium.Sample2#m3</h3><table class="result"><tr><th>Exception</th></tr><tr><td><div class="stacktrace">java.lang.AssertionError: expected [true] but found [false]
	at com.testng.selenium.Sample2.m3(Sample2.java:19)
... Removed 29 stack frames</div></td></tr></table><p class="totop"><a href="#summary">back to summary</a></p><h3 id="m3">com.testng.selenium.Sample3#m1</h3><table class="result"><tr><th>Exception</th></tr><tr><td><div class="stacktrace">java.lang.AssertionError: expected [true] but found [false]
	at com.testng.selenium.Sample3.m1(Sample3.java:9)
... Removed 29 stack frames</div></td></tr></table><p class="totop"><a href="#summary">back to summary</a></p><h3 id="m4">com.testng.selenium.Sample3#m3</h3><table class="result"><tr><th>Exception</th></tr><tr><td><div class="stacktrace">java.lang.AssertionError: expected [true] but found [false]
	at com.testng.selenium.Sample3.m3(Sample3.java:19)
... Removed 29 stack frames</div></td></tr></table><p class="totop"><a href="#summary">back to summary</a></p><h3 id="m5">com.testng.selenium.Sample1#m1</h3><table class="result"></table><p class="totop"><a href="#summary">back to summary</a></p><h3 id="m6">com.testng.selenium.Sample1#m2</h3><table class="result"></table><p class="totop"><a href="#summary">back to summary</a></p><h3 id="m7">com.testng.selenium.Sample1#m3</h3><table class="result"></table><p class="totop"><a href="#summary">back to summary</a></p><h3 id="m8">com.testng.selenium.Sample3#m2</h3><table class="result"></table><p class="totop"><a href="#summary">back to summary</a></p></body></html>