<!DOCTYPE html PUBLIC "-//W3C//DTD XHTML 1.1//EN" "http://www.w3.org/TR/xhtml11/DTD/xhtml11.dtd">
<html xmlns="http://www.w3.org/1999/xhtml">
<head>
<meta http-equiv="content-type" content="text/html; charset=UTF-8"/>
<title>TestNG Report</title>
<style type="text/css">table {margin-bottom:10px;border-collapse:collapse;empty-cells:show}th,td {border:1px solid #009;padding:.25em .5em}th {vertical-align:bottom}td {vertical-align:top}table a {font-weight:bold}.stripe td {background-color: #E6EBF9}.num {text-align:right}.passedodd td {background-color: #3F3}.passedeven td {background-color: #0A0}.skippedodd td {background-color: #DDD}.skippedeven td {background-color: #CCC}.failedodd td,.attn {background-color: #F33}.failedeven td,.stripe .attn {background-color: #D00}.stacktrace {white-space:pre;font-family:monospace}.totop {font-size:85%;text-align:center;border-bottom:2px solid #000}.invisible {display:none}</style>
</head>
<body>
<table>
<tr><th>Test</th><th># Passed</th><th># Skipped</th><th># Failed</th><th>Time (ms)</th><th>Included Groups</th><th>Excluded Groups</th></tr>
<tr><th colspan="7">Suite1</th></tr>
<tr><td><a href="#t0">astppTestcase</a></td><td class="num">0</td><td class="num attn">2</td><td class="num">0</td><td class="num">16,397</td><td></td><td></td></tr>
</table>
<table id='summary'><thead><tr><th>Class</th><th>Method</th><th>Start</th><th>Time (ms)</th></tr></thead><tbody><tr><th colspan="4">Suite1</th></tr></tbody><tbody id="t0"><tr><th colspan="4">astppTestcase &#8212; failed (configuration methods)</th></tr><tr class="failedeven"><td rowspan="1">com.guru99.ebanking.testcases.TC_LoginTestcase_01</td><td><a href="#m0">setup</a></td><td rowspan="1">1613634939137</td><td rowspan="1">15773</td></tr><tr><th colspan="4">astppTestcase &#8212; skipped (configuration methods)</th></tr><tr class="skippedeven"><td rowspan="1">com.guru99.ebanking.testcases.TC_LoginTestcase_01</td><td><a href="#m1">teardown</a></td><td rowspan="1">1613634955005</td><td rowspan="1">0</td></tr><tr><th colspan="4">astppTestcase &#8212; skipped</th></tr><tr class="skippedeven"><td rowspan="2">com.guru99.ebanking.testcases.TC_LoginTestcase_01</td><td><a href="#m2">logintest</a></td><td rowspan="1">1613634954964</td><td rowspan="1">0</td></tr><tr class="skippedeven"><td><a href="#m3">logintest1</a></td><td rowspan="1">1613634955002</td><td rowspan="1">0</td></tr></tbody>
</table>
<h2>astppTestcase</h2><h3 id="m0">com.guru99.ebanking.testcases.TC_LoginTestcase_01#setup</h3><table class="result"><tr class="param"><th>Parameter #1</th></tr><tr class="param stripe"><td>chrome</td></tr><tr><th>Exception</th></tr><tr><td><div class="stacktrace">org.openqa.selenium.SessionNotCreatedException: session not created: This version of ChromeDriver only supports Chrome version 85
Build info: version: &apos;3.14.0&apos;, revision: &apos;aacccce0&apos;, time: &apos;2018-08-02T20:19:58.91Z&apos;
System info: host: &apos;LAPTOP-DNV4PNFG&apos;, ip: &apos;192.168.43.131&apos;, os.name: &apos;Windows 10&apos;, os.arch: &apos;amd64&apos;, os.version: &apos;10.0&apos;, java.version: &apos;1.8.0_221&apos;
Driver info: driver.version: ChromeDriver
remote stacktrace: Backtrace:
	Ordinal0 [0x0067D383+3134339]
	Ordinal0 [0x0056A171+2007409]
	Ordinal0 [0x0040AEE8+569064]
	Ordinal0 [0x0039139F+70559]
	Ordinal0 [0x0038CC63+52323]
	Ordinal0 [0x003B0DFC+200188]
	Ordinal0 [0x003B0C1D+199709]
	Ordinal0 [0x003AEB0B+191243]
	Ordinal0 [0x00392E77+77431]
	Ordinal0 [0x00393E3E+81470]
	Ordinal0 [0x00393DC9+81353]
	Ordinal0 [0x00580CD9+2100441]
	GetHandleVerifier [0x007EB75A+1396954]
	GetHandleVerifier [0x007EB3D9+1396057]
	GetHandleVerifier [0x007F7126+1444518]
	GetHandleVerifier [0x007EBCE8+1398376]
	Ordinal0 [0x00577F51+2064209]
	Ordinal0 [0x005822EB+2106091]
	Ordinal0 [0x00582411+2106385]
	Ordinal0 [0x005949C4+2181572]
	BaseThreadInitThunk [0x77366359+25]
	RtlGetAppContainerNamedObjectPath [0x774E8944+228]
	RtlGetAppContainerNamedObjectPath [0x774E8914+180]

	at org.openqa.selenium.remote.W3CHandshakeResponse.lambda$new$0(W3CHandshakeResponse.java:57)
	at org.openqa.selenium.remote.W3CHandshakeResponse.lambda$getResponseFunction$2(W3CHandshakeResponse.java:104)
	at org.openqa.selenium.remote.ProtocolHandshake.lambda$createSession$0(ProtocolHandshake.java:122)
	at java.util.stream.ReferencePipeline$3$1.accept(ReferencePipeline.java:193)
	at java.util.Spliterators$ArraySpliterator.tryAdvance(Spliterators.java:958)
	at java.util.stream.ReferencePipeline.forEachWithCancel(ReferencePipeline.java:126)
	at java.util.stream.AbstractPipeline.copyIntoWithCancel(AbstractPipeline.java:499)
	at java.util.stream.AbstractPipeline.copyInto(AbstractPipeline.java:486)
	at java.util.stream.AbstractPipeline.wrapAndCopyInto(AbstractPipeline.java:472)
	at java.util.stream.FindOps$FindOp.evaluateSequential(FindOps.java:152)
	at java.util.stream.AbstractPipeline.evaluate(AbstractPipeline.java:234)
	at java.util.stream.ReferencePipeline.findFirst(ReferencePipeline.java:464)
	at org.openqa.selenium.remote.ProtocolHandshake.createSession(ProtocolHandshake.java:125)
	at org.openqa.selenium.remote.ProtocolHandshake.createSession(ProtocolHandshake.java:73)
	at org.openqa.selenium.remote.HttpCommandExecutor.execute(HttpCommandExecutor.java:136)
	at org.openqa.selenium.remote.service.DriverCommandExecutor.execute(DriverCommandExecutor.java:83)
	at org.openqa.selenium.remote.RemoteWebDriver.execute(RemoteWebDriver.java:548)
	at org.openqa.selenium.remote.RemoteWebDriver.startSession(RemoteWebDriver.java:212)
	at org.openqa.selenium.remote.RemoteWebDriver.&lt;init&gt;(RemoteWebDriver.java:130)
	at org.openqa.selenium.chrome.ChromeDriver.&lt;init&gt;(ChromeDriver.java:181)
	at org.openqa.selenium.chrome.ChromeDriver.&lt;init&gt;(ChromeDriver.java:168)
	at org.openqa.selenium.chrome.ChromeDriver.&lt;init&gt;(ChromeDriver.java:123)
	at com.guru99.ebanking.base.BaseClass.setup(BaseClass.java:40)
... Removed 30 stack frames</div></td></tr></table><p class="totop"><a href="#summary">back to summary</a></p>
<h3 id="m1">com.guru99.ebanking.testcases.TC_LoginTestcase_01#teardown</h3><table class="result"><tr><th class="invisible"/></tr></table><p class="totop"><a href="#summary">back to summary</a></p>
<h3 id="m2">com.guru99.ebanking.testcases.TC_LoginTestcase_01#logintest</h3><table class="result"><tr><th>Exception</th></tr><tr><td><div class="stacktrace">org.openqa.selenium.SessionNotCreatedException: session not created: This version of ChromeDriver only supports Chrome version 85
Build info: version: &apos;3.14.0&apos;, revision: &apos;aacccce0&apos;, time: &apos;2018-08-02T20:19:58.91Z&apos;
System info: host: &apos;LAPTOP-DNV4PNFG&apos;, ip: &apos;192.168.43.131&apos;, os.name: &apos;Windows 10&apos;, os.arch: &apos;amd64&apos;, os.version: &apos;10.0&apos;, java.version: &apos;1.8.0_221&apos;
Driver info: driver.version: ChromeDriver
remote stacktrace: Backtrace:
	Ordinal0 [0x0067D383+3134339]
	Ordinal0 [0x0056A171+2007409]
	Ordinal0 [0x0040AEE8+569064]
	Ordinal0 [0x0039139F+70559]
	Ordinal0 [0x0038CC63+52323]
	Ordinal0 [0x003B0DFC+200188]
	Ordinal0 [0x003B0C1D+199709]
	Ordinal0 [0x003AEB0B+191243]
	Ordinal0 [0x00392E77+77431]
	Ordinal0 [0x00393E3E+81470]
	Ordinal0 [0x00393DC9+81353]
	Ordinal0 [0x00580CD9+2100441]
	GetHandleVerifier [0x007EB75A+1396954]
	GetHandleVerifier [0x007EB3D9+1396057]
	GetHandleVerifier [0x007F7126+1444518]
	GetHandleVerifier [0x007EBCE8+1398376]
	Ordinal0 [0x00577F51+2064209]
	Ordinal0 [0x005822EB+2106091]
	Ordinal0 [0x00582411+2106385]
	Ordinal0 [0x005949C4+2181572]
	BaseThreadInitThunk [0x77366359+25]
	RtlGetAppContainerNamedObjectPath [0x774E8944+228]
	RtlGetAppContainerNamedObjectPath [0x774E8914+180]

	at org.openqa.selenium.remote.W3CHandshakeResponse.lambda$new$0(W3CHandshakeResponse.java:57)
	at org.openqa.selenium.remote.W3CHandshakeResponse.lambda$getResponseFunction$2(W3CHandshakeResponse.java:104)
	at org.openqa.selenium.remote.ProtocolHandshake.lambda$createSession$0(ProtocolHandshake.java:122)
	at java.util.stream.ReferencePipeline$3$1.accept(ReferencePipeline.java:193)
	at java.util.Spliterators$ArraySpliterator.tryAdvance(Spliterators.java:958)
	at java.util.stream.ReferencePipeline.forEachWithCancel(ReferencePipeline.java:126)
	at java.util.stream.AbstractPipeline.copyIntoWithCancel(AbstractPipeline.java:499)
	at java.util.stream.AbstractPipeline.copyInto(AbstractPipeline.java:486)
	at java.util.stream.AbstractPipeline.wrapAndCopyInto(AbstractPipeline.java:472)
	at java.util.stream.FindOps$FindOp.evaluateSequential(FindOps.java:152)
	at java.util.stream.AbstractPipeline.evaluate(AbstractPipeline.java:234)
	at java.util.stream.ReferencePipeline.findFirst(ReferencePipeline.java:464)
	at org.openqa.selenium.remote.ProtocolHandshake.createSession(ProtocolHandshake.java:125)
	at org.openqa.selenium.remote.ProtocolHandshake.createSession(ProtocolHandshake.java:73)
	at org.openqa.selenium.remote.HttpCommandExecutor.execute(HttpCommandExecutor.java:136)
	at org.openqa.selenium.remote.service.DriverCommandExecutor.execute(DriverCommandExecutor.java:83)
	at org.openqa.selenium.remote.RemoteWebDriver.execute(RemoteWebDriver.java:548)
	at org.openqa.selenium.remote.RemoteWebDriver.startSession(RemoteWebDriver.java:212)
	at org.openqa.selenium.remote.RemoteWebDriver.&lt;init&gt;(RemoteWebDriver.java:130)
	at org.openqa.selenium.chrome.ChromeDriver.&lt;init&gt;(ChromeDriver.java:181)
	at org.openqa.selenium.chrome.ChromeDriver.&lt;init&gt;(ChromeDriver.java:168)
	at org.openqa.selenium.chrome.ChromeDriver.&lt;init&gt;(ChromeDriver.java:123)
	at com.guru99.ebanking.base.BaseClass.setup(BaseClass.java:40)
... Removed 30 stack frames</div></td></tr></table><p class="totop"><a href="#summary">back to summary</a></p>
<h3 id="m3">com.guru99.ebanking.testcases.TC_LoginTestcase_01#logintest1</h3><table class="result"><tr><th>Exception</th></tr><tr><td><div class="stacktrace">org.openqa.selenium.SessionNotCreatedException: session not created: This version of ChromeDriver only supports Chrome version 85
Build info: version: &apos;3.14.0&apos;, revision: &apos;aacccce0&apos;, time: &apos;2018-08-02T20:19:58.91Z&apos;
System info: host: &apos;LAPTOP-DNV4PNFG&apos;, ip: &apos;192.168.43.131&apos;, os.name: &apos;Windows 10&apos;, os.arch: &apos;amd64&apos;, os.version: &apos;10.0&apos;, java.version: &apos;1.8.0_221&apos;
Driver info: driver.version: ChromeDriver
remote stacktrace: Backtrace:
	Ordinal0 [0x0067D383+3134339]
	Ordinal0 [0x0056A171+2007409]
	Ordinal0 [0x0040AEE8+569064]
	Ordinal0 [0x0039139F+70559]
	Ordinal0 [0x0038CC63+52323]
	Ordinal0 [0x003B0DFC+200188]
	Ordinal0 [0x003B0C1D+199709]
	Ordinal0 [0x003AEB0B+191243]
	Ordinal0 [0x00392E77+77431]
	Ordinal0 [0x00393E3E+81470]
	Ordinal0 [0x00393DC9+81353]
	Ordinal0 [0x00580CD9+2100441]
	GetHandleVerifier [0x007EB75A+1396954]
	GetHandleVerifier [0x007EB3D9+1396057]
	GetHandleVerifier [0x007F7126+1444518]
	GetHandleVerifier [0x007EBCE8+1398376]
	Ordinal0 [0x00577F51+2064209]
	Ordinal0 [0x005822EB+2106091]
	Ordinal0 [0x00582411+2106385]
	Ordinal0 [0x005949C4+2181572]
	BaseThreadInitThunk [0x77366359+25]
	RtlGetAppContainerNamedObjectPath [0x774E8944+228]
	RtlGetAppContainerNamedObjectPath [0x774E8914+180]

	at org.openqa.selenium.remote.W3CHandshakeResponse.lambda$new$0(W3CHandshakeResponse.java:57)
	at org.openqa.selenium.remote.W3CHandshakeResponse.lambda$getResponseFunction$2(W3CHandshakeResponse.java:104)
	at org.openqa.selenium.remote.ProtocolHandshake.lambda$createSession$0(ProtocolHandshake.java:122)
	at java.util.stream.ReferencePipeline$3$1.accept(ReferencePipeline.java:193)
	at java.util.Spliterators$ArraySpliterator.tryAdvance(Spliterators.java:958)
	at java.util.stream.ReferencePipeline.forEachWithCancel(ReferencePipeline.java:126)
	at java.util.stream.AbstractPipeline.copyIntoWithCancel(AbstractPipeline.java:499)
	at java.util.stream.AbstractPipeline.copyInto(AbstractPipeline.java:486)
	at java.util.stream.AbstractPipeline.wrapAndCopyInto(AbstractPipeline.java:472)
	at java.util.stream.FindOps$FindOp.evaluateSequential(FindOps.java:152)
	at java.util.stream.AbstractPipeline.evaluate(AbstractPipeline.java:234)
	at java.util.stream.ReferencePipeline.findFirst(ReferencePipeline.java:464)
	at org.openqa.selenium.remote.ProtocolHandshake.createSession(ProtocolHandshake.java:125)
	at org.openqa.selenium.remote.ProtocolHandshake.createSession(ProtocolHandshake.java:73)
	at org.openqa.selenium.remote.HttpCommandExecutor.execute(HttpCommandExecutor.java:136)
	at org.openqa.selenium.remote.service.DriverCommandExecutor.execute(DriverCommandExecutor.java:83)
	at org.openqa.selenium.remote.RemoteWebDriver.execute(RemoteWebDriver.java:548)
	at org.openqa.selenium.remote.RemoteWebDriver.startSession(RemoteWebDriver.java:212)
	at org.openqa.selenium.remote.RemoteWebDriver.&lt;init&gt;(RemoteWebDriver.java:130)
	at org.openqa.selenium.chrome.ChromeDriver.&lt;init&gt;(ChromeDriver.java:181)
	at org.openqa.selenium.chrome.ChromeDriver.&lt;init&gt;(ChromeDriver.java:168)
	at org.openqa.selenium.chrome.ChromeDriver.&lt;init&gt;(ChromeDriver.java:123)
	at com.guru99.ebanking.base.BaseClass.setup(BaseClass.java:40)
... Removed 30 stack frames</div></td></tr></table><p class="totop"><a href="#summary">back to summary</a></p>
</body>
</html>
