<?xml version="1.0" encoding="UTF-8"?>
<testng-results skipped="2" failed="0" ignored="0" total="2" passed="0">
  <reporter-output>
  </reporter-output>
  <suite name="Suite1" duration-ms="16397" started-at="2021-02-18T07:55:38Z" finished-at="2021-02-18T07:55:55Z">
    <groups>
    </groups>
    <test name="astppTestcase" duration-ms="16397" started-at="2021-02-18T07:55:38Z" finished-at="2021-02-18T07:55:55Z">
      <class name="com.guru99.ebanking.testcases.TC_LoginTestcase_01">
        <test-method status="FAIL" signature="setup(java.lang.String)[pri:0, instance:com.guru99.ebanking.testcases.TC_LoginTestcase_01@464bee09]" name="setup" is-config="true" duration-ms="15773" started-at="2021-02-18T07:55:39Z" finished-at="2021-02-18T07:55:54Z">
          <params>
            <param index="0">
              <value>
                <![CDATA[chrome]]>
              </value>
            </param>
          </params>
          <exception class="org.openqa.selenium.SessionNotCreatedException">
            <message>
              <![CDATA[session not created: This version of ChromeDriver only supports Chrome version 85
Build info: version: '3.14.0', revision: 'aacccce0', time: '2018-08-02T20:19:58.91Z'
System info: host: 'LAPTOP-DNV4PNFG', ip: '192.168.43.131', os.name: 'Windows 10', os.arch: 'amd64', os.version: '10.0', java.version: '1.8.0_221'
Driver info: driver.version: ChromeDriver
remote stacktrace: Backtrace:
Ordinal0 [0x0067D383+3134339]
Ordinal0 [0x0056A171+2007409]
Ordinal0 [0x0040AEE8+569064]
Ordinal0 [0x0039139F+70559]
Ordinal0 [0x0038CC63+52323]
Ordinal0 [0x003B0DFC+200188]
Ordinal0 [0x003B0C1D+199709]
Ordinal0 [0x003AEB0B+191243]
Ordinal0 [0x00392E77+77431]
Ordinal0 [0x00393E3E+81470]
Ordinal0 [0x00393DC9+81353]
Ordinal0 [0x00580CD9+2100441]
GetHandleVerifier [0x007EB75A+1396954]
GetHandleVerifier [0x007EB3D9+1396057]
GetHandleVerifier [0x007F7126+1444518]
GetHandleVerifier [0x007EBCE8+1398376]
Ordinal0 [0x00577F51+2064209]
Ordinal0 [0x005822EB+2106091]
Ordinal0 [0x00582411+2106385]
Ordinal0 [0x005949C4+2181572]
BaseThreadInitThunk [0x77366359+25]
RtlGetAppContainerNamedObjectPath [0x774E8944+228]
RtlGetAppContainerNamedObjectPath [0x774E8914+180]
]]>
            </message>
            <full-stacktrace>
              <![CDATA[org.openqa.selenium.SessionNotCreatedException: session not created: This version of ChromeDriver only supports Chrome version 85
Build info: version: '3.14.0', revision: 'aacccce0', time: '2018-08-02T20:19:58.91Z'
System info: host: 'LAPTOP-DNV4PNFG', ip: '192.168.43.131', os.name: 'Windows 10', os.arch: 'amd64', os.version: '10.0', java.version: '1.8.0_221'
Driver info: driver.version: ChromeDriver
remote stacktrace: Backtrace:
Ordinal0 [0x0067D383+3134339]
Ordinal0 [0x0056A171+2007409]
Ordinal0 [0x0040AEE8+569064]
Ordinal0 [0x0039139F+70559]
Ordinal0 [0x0038CC63+52323]
Ordinal0 [0x003B0DFC+200188]
Ordinal0 [0x003B0C1D+199709]
Ordinal0 [0x003AEB0B+191243]
Ordinal0 [0x00392E77+77431]
Ordinal0 [0x00393E3E+81470]
Ordinal0 [0x00393DC9+81353]
Ordinal0 [0x00580CD9+2100441]
GetHandleVerifier [0x007EB75A+1396954]
GetHandleVerifier [0x007EB3D9+1396057]
GetHandleVerifier [0x007F7126+1444518]
GetHandleVerifier [0x007EBCE8+1398376]
Ordinal0 [0x00577F51+2064209]
Ordinal0 [0x005822EB+2106091]
Ordinal0 [0x00582411+2106385]
Ordinal0 [0x005949C4+2181572]
BaseThreadInitThunk [0x77366359+25]
RtlGetAppContainerNamedObjectPath [0x774E8944+228]
RtlGetAppContainerNamedObjectPath [0x774E8914+180]

at sun.reflect.NativeConstructorAccessorImpl.newInstance0(Native Method)
at sun.reflect.NativeConstructorAccessorImpl.newInstance(NativeConstructorAccessorImpl.java:62)
at sun.reflect.DelegatingConstructorAccessorImpl.newInstance(DelegatingConstructorAccessorImpl.java:45)
at java.lang.reflect.Constructor.newInstance(Constructor.java:423)
at org.openqa.selenium.remote.W3CHandshakeResponse.lambda$new$0(W3CHandshakeResponse.java:57)
at org.openqa.selenium.remote.W3CHandshakeResponse.lambda$getResponseFunction$2(W3CHandshakeResponse.java:104)
at org.openqa.selenium.remote.ProtocolHandshake.lambda$createSession$0(ProtocolHandshake.java:122)
at java.util.stream.ReferencePipeline$3$1.accept(ReferencePipeline.java:193)
at java.util.Spliterators$ArraySpliterator.tryAdvance(Spliterators.java:958)
at java.util.stream.ReferencePipeline.forEachWithCancel(ReferencePipeline.java:126)
at java.util.stream.AbstractPipeline.copyIntoWithCancel(AbstractPipeline.java:499)
at java.util.stream.AbstractPipeline.copyInto(AbstractPipeline.java:486)
at java.util.stream.AbstractPipeline.wrapAndCopyInto(AbstractPipeline.java:472)
at java.util.stream.FindOps$FindOp.evaluateSequential(FindOps.java:152)
at java.util.stream.AbstractPipeline.evaluate(AbstractPipeline.java:234)
at java.util.stream.ReferencePipeline.findFirst(ReferencePipeline.java:464)
at org.openqa.selenium.remote.ProtocolHandshake.createSession(ProtocolHandshake.java:125)
at org.openqa.selenium.remote.ProtocolHandshake.createSession(ProtocolHandshake.java:73)
at org.openqa.selenium.remote.HttpCommandExecutor.execute(HttpCommandExecutor.java:136)
at org.openqa.selenium.remote.service.DriverCommandExecutor.execute(DriverCommandExecutor.java:83)
at org.openqa.selenium.remote.RemoteWebDriver.execute(RemoteWebDriver.java:548)
at org.openqa.selenium.remote.RemoteWebDriver.startSession(RemoteWebDriver.java:212)
at org.openqa.selenium.remote.RemoteWebDriver.<init>(RemoteWebDriver.java:130)
at org.openqa.selenium.chrome.ChromeDriver.<init>(ChromeDriver.java:181)
at org.openqa.selenium.chrome.ChromeDriver.<init>(ChromeDriver.java:168)
at org.openqa.selenium.chrome.ChromeDriver.<init>(ChromeDriver.java:123)
at com.guru99.ebanking.base.BaseClass.setup(BaseClass.java:40)
at sun.reflect.NativeMethodAccessorImpl.invoke0(Native Method)
at sun.reflect.NativeMethodAccessorImpl.invoke(NativeMethodAccessorImpl.java:62)
at sun.reflect.DelegatingMethodAccessorImpl.invoke(DelegatingMethodAccessorImpl.java:43)
at java.lang.reflect.Method.invoke(Method.java:498)
at org.testng.internal.MethodInvocationHelper.invokeMethod(MethodInvocationHelper.java:124)
at org.testng.internal.MethodInvocationHelper.invokeMethodConsideringTimeout(MethodInvocationHelper.java:59)
at org.testng.internal.Invoker.invokeConfigurationMethod(Invoker.java:458)
at org.testng.internal.Invoker.invokeConfigurations(Invoker.java:222)
at org.testng.internal.Invoker.invokeConfigurations(Invoker.java:142)
at org.testng.internal.TestMethodWorker.invokeBeforeClassMethods(TestMethodWorker.java:168)
at org.testng.internal.TestMethodWorker.run(TestMethodWorker.java:105)
at org.testng.TestRunner.privateRun(TestRunner.java:648)
at org.testng.TestRunner.run(TestRunner.java:505)
at org.testng.SuiteRunner.runTest(SuiteRunner.java:455)
at org.testng.SuiteRunner.runSequentially(SuiteRunner.java:450)
at org.testng.SuiteRunner.privateRun(SuiteRunner.java:415)
at org.testng.SuiteRunner.run(SuiteRunner.java:364)
at org.testng.SuiteRunnerWorker.runSuite(SuiteRunnerWorker.java:52)
at org.testng.SuiteRunnerWorker.run(SuiteRunnerWorker.java:84)
at org.testng.TestNG.runSuitesSequentially(TestNG.java:1208)
at org.testng.TestNG.runSuitesLocally(TestNG.java:1137)
at org.testng.TestNG.runSuites(TestNG.java:1049)
at org.testng.TestNG.run(TestNG.java:1017)
at org.testng.remote.AbstractRemoteTestNG.run(AbstractRemoteTestNG.java:115)
at org.testng.remote.RemoteTestNG.initAndRun(RemoteTestNG.java:251)
at org.testng.remote.RemoteTestNG.main(RemoteTestNG.java:77)
]]>
            </full-stacktrace>
          </exception> <!-- org.openqa.selenium.SessionNotCreatedException -->
          <reporter-output>
          </reporter-output>
        </test-method> <!-- setup -->
        <test-method status="SKIP" signature="logintest()[pri:0, instance:com.guru99.ebanking.testcases.TC_LoginTestcase_01@464bee09]" name="logintest" duration-ms="0" started-at="2021-02-18T07:55:54Z" finished-at="2021-02-18T07:55:54Z">
          <exception class="org.openqa.selenium.SessionNotCreatedException">
            <message>
              <![CDATA[session not created: This version of ChromeDriver only supports Chrome version 85
Build info: version: '3.14.0', revision: 'aacccce0', time: '2018-08-02T20:19:58.91Z'
System info: host: 'LAPTOP-DNV4PNFG', ip: '192.168.43.131', os.name: 'Windows 10', os.arch: 'amd64', os.version: '10.0', java.version: '1.8.0_221'
Driver info: driver.version: ChromeDriver
remote stacktrace: Backtrace:
Ordinal0 [0x0067D383+3134339]
Ordinal0 [0x0056A171+2007409]
Ordinal0 [0x0040AEE8+569064]
Ordinal0 [0x0039139F+70559]
Ordinal0 [0x0038CC63+52323]
Ordinal0 [0x003B0DFC+200188]
Ordinal0 [0x003B0C1D+199709]
Ordinal0 [0x003AEB0B+191243]
Ordinal0 [0x00392E77+77431]
Ordinal0 [0x00393E3E+81470]
Ordinal0 [0x00393DC9+81353]
Ordinal0 [0x00580CD9+2100441]
GetHandleVerifier [0x007EB75A+1396954]
GetHandleVerifier [0x007EB3D9+1396057]
GetHandleVerifier [0x007F7126+1444518]
GetHandleVerifier [0x007EBCE8+1398376]
Ordinal0 [0x00577F51+2064209]
Ordinal0 [0x005822EB+2106091]
Ordinal0 [0x00582411+2106385]
Ordinal0 [0x005949C4+2181572]
BaseThreadInitThunk [0x77366359+25]
RtlGetAppContainerNamedObjectPath [0x774E8944+228]
RtlGetAppContainerNamedObjectPath [0x774E8914+180]
]]>
            </message>
            <full-stacktrace>
              <![CDATA[org.openqa.selenium.SessionNotCreatedException: session not created: This version of ChromeDriver only supports Chrome version 85
Build info: version: '3.14.0', revision: 'aacccce0', time: '2018-08-02T20:19:58.91Z'
System info: host: 'LAPTOP-DNV4PNFG', ip: '192.168.43.131', os.name: 'Windows 10', os.arch: 'amd64', os.version: '10.0', java.version: '1.8.0_221'
Driver info: driver.version: ChromeDriver
remote stacktrace: Backtrace:
Ordinal0 [0x0067D383+3134339]
Ordinal0 [0x0056A171+2007409]
Ordinal0 [0x0040AEE8+569064]
Ordinal0 [0x0039139F+70559]
Ordinal0 [0x0038CC63+52323]
Ordinal0 [0x003B0DFC+200188]
Ordinal0 [0x003B0C1D+199709]
Ordinal0 [0x003AEB0B+191243]
Ordinal0 [0x00392E77+77431]
Ordinal0 [0x00393E3E+81470]
Ordinal0 [0x00393DC9+81353]
Ordinal0 [0x00580CD9+2100441]
GetHandleVerifier [0x007EB75A+1396954]
GetHandleVerifier [0x007EB3D9+1396057]
GetHandleVerifier [0x007F7126+1444518]
GetHandleVerifier [0x007EBCE8+1398376]
Ordinal0 [0x00577F51+2064209]
Ordinal0 [0x005822EB+2106091]
Ordinal0 [0x00582411+2106385]
Ordinal0 [0x005949C4+2181572]
BaseThreadInitThunk [0x77366359+25]
RtlGetAppContainerNamedObjectPath [0x774E8944+228]
RtlGetAppContainerNamedObjectPath [0x774E8914+180]

at sun.reflect.NativeConstructorAccessorImpl.newInstance0(Native Method)
at sun.reflect.NativeConstructorAccessorImpl.newInstance(NativeConstructorAccessorImpl.java:62)
at sun.reflect.DelegatingConstructorAccessorImpl.newInstance(DelegatingConstructorAccessorImpl.java:45)
at java.lang.reflect.Constructor.newInstance(Constructor.java:423)
at org.openqa.selenium.remote.W3CHandshakeResponse.lambda$new$0(W3CHandshakeResponse.java:57)
at org.openqa.selenium.remote.W3CHandshakeResponse.lambda$getResponseFunction$2(W3CHandshakeResponse.java:104)
at org.openqa.selenium.remote.ProtocolHandshake.lambda$createSession$0(ProtocolHandshake.java:122)
at java.util.stream.ReferencePipeline$3$1.accept(ReferencePipeline.java:193)
at java.util.Spliterators$ArraySpliterator.tryAdvance(Spliterators.java:958)
at java.util.stream.ReferencePipeline.forEachWithCancel(ReferencePipeline.java:126)
at java.util.stream.AbstractPipeline.copyIntoWithCancel(AbstractPipeline.java:499)
at java.util.stream.AbstractPipeline.copyInto(AbstractPipeline.java:486)
at java.util.stream.AbstractPipeline.wrapAndCopyInto(AbstractPipeline.java:472)
at java.util.stream.FindOps$FindOp.evaluateSequential(FindOps.java:152)
at java.util.stream.AbstractPipeline.evaluate(AbstractPipeline.java:234)
at java.util.stream.ReferencePipeline.findFirst(ReferencePipeline.java:464)
at org.openqa.selenium.remote.ProtocolHandshake.createSession(ProtocolHandshake.java:125)
at org.openqa.selenium.remote.ProtocolHandshake.createSession(ProtocolHandshake.java:73)
at org.openqa.selenium.remote.HttpCommandExecutor.execute(HttpCommandExecutor.java:136)
at org.openqa.selenium.remote.service.DriverCommandExecutor.execute(DriverCommandExecutor.java:83)
at org.openqa.selenium.remote.RemoteWebDriver.execute(RemoteWebDriver.java:548)
at org.openqa.selenium.remote.RemoteWebDriver.startSession(RemoteWebDriver.java:212)
at org.openqa.selenium.remote.RemoteWebDriver.<init>(RemoteWebDriver.java:130)
at org.openqa.selenium.chrome.ChromeDriver.<init>(ChromeDriver.java:181)
at org.openqa.selenium.chrome.ChromeDriver.<init>(ChromeDriver.java:168)
at org.openqa.selenium.chrome.ChromeDriver.<init>(ChromeDriver.java:123)
at com.guru99.ebanking.base.BaseClass.setup(BaseClass.java:40)
at sun.reflect.NativeMethodAccessorImpl.invoke0(Native Method)
at sun.reflect.NativeMethodAccessorImpl.invoke(NativeMethodAccessorImpl.java:62)
at sun.reflect.DelegatingMethodAccessorImpl.invoke(DelegatingMethodAccessorImpl.java:43)
at java.lang.reflect.Method.invoke(Method.java:498)
at org.testng.internal.MethodInvocationHelper.invokeMethod(MethodInvocationHelper.java:124)
at org.testng.internal.MethodInvocationHelper.invokeMethodConsideringTimeout(MethodInvocationHelper.java:59)
at org.testng.internal.Invoker.invokeConfigurationMethod(Invoker.java:458)
at org.testng.internal.Invoker.invokeConfigurations(Invoker.java:222)
at org.testng.internal.Invoker.invokeConfigurations(Invoker.java:142)
at org.testng.internal.TestMethodWorker.invokeBeforeClassMethods(TestMethodWorker.java:168)
at org.testng.internal.TestMethodWorker.run(TestMethodWorker.java:105)
at org.testng.TestRunner.privateRun(TestRunner.java:648)
at org.testng.TestRunner.run(TestRunner.java:505)
at org.testng.SuiteRunner.runTest(SuiteRunner.java:455)
at org.testng.SuiteRunner.runSequentially(SuiteRunner.java:450)
at org.testng.SuiteRunner.privateRun(SuiteRunner.java:415)
at org.testng.SuiteRunner.run(SuiteRunner.java:364)
at org.testng.SuiteRunnerWorker.runSuite(SuiteRunnerWorker.java:52)
at org.testng.SuiteRunnerWorker.run(SuiteRunnerWorker.java:84)
at org.testng.TestNG.runSuitesSequentially(TestNG.java:1208)
at org.testng.TestNG.runSuitesLocally(TestNG.java:1137)
at org.testng.TestNG.runSuites(TestNG.java:1049)
at org.testng.TestNG.run(TestNG.java:1017)
at org.testng.remote.AbstractRemoteTestNG.run(AbstractRemoteTestNG.java:115)
at org.testng.remote.RemoteTestNG.initAndRun(RemoteTestNG.java:251)
at org.testng.remote.RemoteTestNG.main(RemoteTestNG.java:77)
]]>
            </full-stacktrace>
          </exception> <!-- org.openqa.selenium.SessionNotCreatedException -->
          <reporter-output>
          </reporter-output>
        </test-method> <!-- logintest -->
        <test-method status="SKIP" signature="logintest1()[pri:0, instance:com.guru99.ebanking.testcases.TC_LoginTestcase_01@464bee09]" name="logintest1" duration-ms="0" started-at="2021-02-18T07:55:55Z" finished-at="2021-02-18T07:55:55Z">
          <exception class="org.openqa.selenium.SessionNotCreatedException">
            <message>
              <![CDATA[session not created: This version of ChromeDriver only supports Chrome version 85
Build info: version: '3.14.0', revision: 'aacccce0', time: '2018-08-02T20:19:58.91Z'
System info: host: 'LAPTOP-DNV4PNFG', ip: '192.168.43.131', os.name: 'Windows 10', os.arch: 'amd64', os.version: '10.0', java.version: '1.8.0_221'
Driver info: driver.version: ChromeDriver
remote stacktrace: Backtrace:
Ordinal0 [0x0067D383+3134339]
Ordinal0 [0x0056A171+2007409]
Ordinal0 [0x0040AEE8+569064]
Ordinal0 [0x0039139F+70559]
Ordinal0 [0x0038CC63+52323]
Ordinal0 [0x003B0DFC+200188]
Ordinal0 [0x003B0C1D+199709]
Ordinal0 [0x003AEB0B+191243]
Ordinal0 [0x00392E77+77431]
Ordinal0 [0x00393E3E+81470]
Ordinal0 [0x00393DC9+81353]
Ordinal0 [0x00580CD9+2100441]
GetHandleVerifier [0x007EB75A+1396954]
GetHandleVerifier [0x007EB3D9+1396057]
GetHandleVerifier [0x007F7126+1444518]
GetHandleVerifier [0x007EBCE8+1398376]
Ordinal0 [0x00577F51+2064209]
Ordinal0 [0x005822EB+2106091]
Ordinal0 [0x00582411+2106385]
Ordinal0 [0x005949C4+2181572]
BaseThreadInitThunk [0x77366359+25]
RtlGetAppContainerNamedObjectPath [0x774E8944+228]
RtlGetAppContainerNamedObjectPath [0x774E8914+180]
]]>
            </message>
            <full-stacktrace>
              <![CDATA[org.openqa.selenium.SessionNotCreatedException: session not created: This version of ChromeDriver only supports Chrome version 85
Build info: version: '3.14.0', revision: 'aacccce0', time: '2018-08-02T20:19:58.91Z'
System info: host: 'LAPTOP-DNV4PNFG', ip: '192.168.43.131', os.name: 'Windows 10', os.arch: 'amd64', os.version: '10.0', java.version: '1.8.0_221'
Driver info: driver.version: ChromeDriver
remote stacktrace: Backtrace:
Ordinal0 [0x0067D383+3134339]
Ordinal0 [0x0056A171+2007409]
Ordinal0 [0x0040AEE8+569064]
Ordinal0 [0x0039139F+70559]
Ordinal0 [0x0038CC63+52323]
Ordinal0 [0x003B0DFC+200188]
Ordinal0 [0x003B0C1D+199709]
Ordinal0 [0x003AEB0B+191243]
Ordinal0 [0x00392E77+77431]
Ordinal0 [0x00393E3E+81470]
Ordinal0 [0x00393DC9+81353]
Ordinal0 [0x00580CD9+2100441]
GetHandleVerifier [0x007EB75A+1396954]
GetHandleVerifier [0x007EB3D9+1396057]
GetHandleVerifier [0x007F7126+1444518]
GetHandleVerifier [0x007EBCE8+1398376]
Ordinal0 [0x00577F51+2064209]
Ordinal0 [0x005822EB+2106091]
Ordinal0 [0x00582411+2106385]
Ordinal0 [0x005949C4+2181572]
BaseThreadInitThunk [0x77366359+25]
RtlGetAppContainerNamedObjectPath [0x774E8944+228]
RtlGetAppContainerNamedObjectPath [0x774E8914+180]

at sun.reflect.NativeConstructorAccessorImpl.newInstance0(Native Method)
at sun.reflect.NativeConstructorAccessorImpl.newInstance(NativeConstructorAccessorImpl.java:62)
at sun.reflect.DelegatingConstructorAccessorImpl.newInstance(DelegatingConstructorAccessorImpl.java:45)
at java.lang.reflect.Constructor.newInstance(Constructor.java:423)
at org.openqa.selenium.remote.W3CHandshakeResponse.lambda$new$0(W3CHandshakeResponse.java:57)
at org.openqa.selenium.remote.W3CHandshakeResponse.lambda$getResponseFunction$2(W3CHandshakeResponse.java:104)
at org.openqa.selenium.remote.ProtocolHandshake.lambda$createSession$0(ProtocolHandshake.java:122)
at java.util.stream.ReferencePipeline$3$1.accept(ReferencePipeline.java:193)
at java.util.Spliterators$ArraySpliterator.tryAdvance(Spliterators.java:958)
at java.util.stream.ReferencePipeline.forEachWithCancel(ReferencePipeline.java:126)
at java.util.stream.AbstractPipeline.copyIntoWithCancel(AbstractPipeline.java:499)
at java.util.stream.AbstractPipeline.copyInto(AbstractPipeline.java:486)
at java.util.stream.AbstractPipeline.wrapAndCopyInto(AbstractPipeline.java:472)
at java.util.stream.FindOps$FindOp.evaluateSequential(FindOps.java:152)
at java.util.stream.AbstractPipeline.evaluate(AbstractPipeline.java:234)
at java.util.stream.ReferencePipeline.findFirst(ReferencePipeline.java:464)
at org.openqa.selenium.remote.ProtocolHandshake.createSession(ProtocolHandshake.java:125)
at org.openqa.selenium.remote.ProtocolHandshake.createSession(ProtocolHandshake.java:73)
at org.openqa.selenium.remote.HttpCommandExecutor.execute(HttpCommandExecutor.java:136)
at org.openqa.selenium.remote.service.DriverCommandExecutor.execute(DriverCommandExecutor.java:83)
at org.openqa.selenium.remote.RemoteWebDriver.execute(RemoteWebDriver.java:548)
at org.openqa.selenium.remote.RemoteWebDriver.startSession(RemoteWebDriver.java:212)
at org.openqa.selenium.remote.RemoteWebDriver.<init>(RemoteWebDriver.java:130)
at org.openqa.selenium.chrome.ChromeDriver.<init>(ChromeDriver.java:181)
at org.openqa.selenium.chrome.ChromeDriver.<init>(ChromeDriver.java:168)
at org.openqa.selenium.chrome.ChromeDriver.<init>(ChromeDriver.java:123)
at com.guru99.ebanking.base.BaseClass.setup(BaseClass.java:40)
at sun.reflect.NativeMethodAccessorImpl.invoke0(Native Method)
at sun.reflect.NativeMethodAccessorImpl.invoke(NativeMethodAccessorImpl.java:62)
at sun.reflect.DelegatingMethodAccessorImpl.invoke(DelegatingMethodAccessorImpl.java:43)
at java.lang.reflect.Method.invoke(Method.java:498)
at org.testng.internal.MethodInvocationHelper.invokeMethod(MethodInvocationHelper.java:124)
at org.testng.internal.MethodInvocationHelper.invokeMethodConsideringTimeout(MethodInvocationHelper.java:59)
at org.testng.internal.Invoker.invokeConfigurationMethod(Invoker.java:458)
at org.testng.internal.Invoker.invokeConfigurations(Invoker.java:222)
at org.testng.internal.Invoker.invokeConfigurations(Invoker.java:142)
at org.testng.internal.TestMethodWorker.invokeBeforeClassMethods(TestMethodWorker.java:168)
at org.testng.internal.TestMethodWorker.run(TestMethodWorker.java:105)
at org.testng.TestRunner.privateRun(TestRunner.java:648)
at org.testng.TestRunner.run(TestRunner.java:505)
at org.testng.SuiteRunner.runTest(SuiteRunner.java:455)
at org.testng.SuiteRunner.runSequentially(SuiteRunner.java:450)
at org.testng.SuiteRunner.privateRun(SuiteRunner.java:415)
at org.testng.SuiteRunner.run(SuiteRunner.java:364)
at org.testng.SuiteRunnerWorker.runSuite(SuiteRunnerWorker.java:52)
at org.testng.SuiteRunnerWorker.run(SuiteRunnerWorker.java:84)
at org.testng.TestNG.runSuitesSequentially(TestNG.java:1208)
at org.testng.TestNG.runSuitesLocally(TestNG.java:1137)
at org.testng.TestNG.runSuites(TestNG.java:1049)
at org.testng.TestNG.run(TestNG.java:1017)
at org.testng.remote.AbstractRemoteTestNG.run(AbstractRemoteTestNG.java:115)
at org.testng.remote.RemoteTestNG.initAndRun(RemoteTestNG.java:251)
at org.testng.remote.RemoteTestNG.main(RemoteTestNG.java:77)
]]>
            </full-stacktrace>
          </exception> <!-- org.openqa.selenium.SessionNotCreatedException -->
          <reporter-output>
          </reporter-output>
        </test-method> <!-- logintest1 -->
        <test-method status="SKIP" signature="teardown()[pri:0, instance:com.guru99.ebanking.testcases.TC_LoginTestcase_01@464bee09]" name="teardown" is-config="true" duration-ms="0" started-at="2021-02-18T07:55:55Z" finished-at="2021-02-18T07:55:55Z">
          <reporter-output>
          </reporter-output>
        </test-method> <!-- teardown -->
      </class> <!-- com.guru99.ebanking.testcases.TC_LoginTestcase_01 -->
    </test> <!-- astppTestcase -->
  </suite> <!-- Suite1 -->
</testng-results>
