<?xml version="1.0" encoding="UTF-8"?>
<!-- Generated by org.testng.reporters.JUnitXMLReporter -->
<testsuite hostname="LAPTOP-DNV4PNFG" ignored="0" name="Nopackage" tests="9" failures="5" timestamp="01 Mar 2020 12:51:29 GMT" time="0.093" errors="0">
  <testcase name="m1" time="0.015" classname="com.testng.selenium.Sample1"/>
  <testcase name="m2" time="0.004" classname="com.testng.selenium.Sample1"/>
  <testcase name="m3" time="0.002" classname="com.testng.selenium.Sample1"/>
  <testcase name="m1" time="0.003" classname="com.testng.selenium.Sample2">
    <failure type="java.lang.AssertionError" message="expected [true] but found [false]">
      <![CDATA[java.lang.AssertionError: expected [true] but found [false]
	at com.testng.selenium.Sample2.m1(Sample2.java:9)
... Removed 29 stack frames]]>
    </failure>
  </testcase> <!-- m1 -->
  <testcase name="m2" time="0.001" classname="com.testng.selenium.Sample2">
    <failure type="java.lang.AssertionError" message="expected [true] but found [false]">
      <![CDATA[java.lang.AssertionError: expected [true] but found [false]
	at com.testng.selenium.Sample2.m2(Sample2.java:14)
... Removed 29 stack frames]]>
    </failure>
  </testcase> <!-- m2 -->
  <testcase name="m3" time="0.001" classname="com.testng.selenium.Sample2">
    <failure type="java.lang.AssertionError" message="expected [true] but found [false]">
      <![CDATA[java.lang.AssertionError: expected [true] but found [false]
	at com.testng.selenium.Sample2.m3(Sample2.java:19)
... Removed 29 stack frames]]>
    </failure>
  </testcase> <!-- m3 -->
  <testcase name="m1" time="0.001" classname="com.testng.selenium.Sample3">
    <failure type="java.lang.AssertionError" message="expected [true] but found [false]">
      <![CDATA[java.lang.AssertionError: expected [true] but found [false]
	at com.testng.selenium.Sample3.m1(Sample3.java:9)
... Removed 29 stack frames]]>
    </failure>
  </testcase> <!-- m1 -->
  <testcase name="m2" time="0.002" classname="com.testng.selenium.Sample3"/>
  <testcase name="m3" time="0.002" classname="com.testng.selenium.Sample3">
    <failure type="java.lang.AssertionError" message="expected [true] but found [false]">
      <![CDATA[java.lang.AssertionError: expected [true] but found [false]
	at com.testng.selenium.Sample3.m3(Sample3.java:19)
... Removed 29 stack frames]]>
    </failure>
  </testcase> <!-- m3 -->
</testsuite> <!-- Nopackage -->
