<?xml version="1.0" encoding="UTF-8"?>
<!-- Generated by org.testng.reporters.JUnitXMLReporter -->
<testsuite hostname="LAPTOP-DNV4PNFG" ignored="0" name="astppTestcase" tests="2" failures="0" timestamp="18 Feb 2021 07:55:55 GMT" time="16.397" errors="0">
  <testcase name="@BeforeClass setup" time="15.773" classname="com.guru99.ebanking.base.BaseClass">
    <failure type="org.openqa.selenium.SessionNotCreatedException" message="session not created: This version of ChromeDriver only supports Chrome version 85
Build info: version: &amp;apos;3.14.0&amp;apos;, revision: &amp;apos;aacccce0&amp;apos;, time: &amp;apos;2018-08-02T20:19:58.91Z&amp;apos;
System info: host: &amp;apos;LAPTOP-DNV4PNFG&amp;apos;, ip: &amp;apos;192.168.43.131&amp;apos;, os.name: &amp;apos;Windows 10&amp;apos;, os.arch: &amp;apos;amd64&amp;apos;, os.version: &amp;apos;10.0&amp;apos;, java.version: &amp;apos;1.8.0_221&amp;apos;
Driver info: driver.version: ChromeDriver
remote stacktrace: Backtrace:
	Ordinal0 [0x0067D383+3134339]
	Ordinal0 [0x0056A171+2007409]
	Ordinal0 [0x0040AEE8+569064]
	Ordinal0 [0x0039139F+70559]
	Ordinal0 [0x0038CC63+52323]
	Ordinal0 [0x003B0DFC+200188]
	Ordinal0 [0x003B0C1D+199709]
	Ordinal0 [0x003AEB0B+191243]
	Ordinal0 [0x00392E77+77431]
	Ordinal0 [0x00393E3E+81470]
	Ordinal0 [0x00393DC9+81353]
	Ordinal0 [0x00580CD9+2100441]
	GetHandleVerifier [0x007EB75A+1396954]
	GetHandleVerifier [0x007EB3D9+1396057]
	GetHandleVerifier [0x007F7126+1444518]
	GetHandleVerifier [0x007EBCE8+1398376]
	Ordinal0 [0x00577F51+2064209]
	Ordinal0 [0x005822EB+2106091]
	Ordinal0 [0x00582411+2106385]
	Ordinal0 [0x005949C4+2181572]
	BaseThreadInitThunk [0x77366359+25]
	RtlGetAppContainerNamedObjectPath [0x774E8944+228]
	RtlGetAppContainerNamedObjectPath [0x774E8914+180]
">
      <![CDATA[org.openqa.selenium.SessionNotCreatedException: session not created: This version of ChromeDriver only supports Chrome version 85
Build info: version: '3.14.0', revision: 'aacccce0', time: '2018-08-02T20:19:58.91Z'
System info: host: 'LAPTOP-DNV4PNFG', ip: '192.168.43.131', os.name: 'Windows 10', os.arch: 'amd64', os.version: '10.0', java.version: '1.8.0_221'
Driver info: driver.version: ChromeDriver
remote stacktrace: Backtrace:
Ordinal0 [0x0067D383+3134339]
Ordinal0 [0x0056A171+2007409]
Ordinal0 [0x0040AEE8+569064]
Ordinal0 [0x0039139F+70559]
Ordinal0 [0x0038CC63+52323]
Ordinal0 [0x003B0DFC+200188]
Ordinal0 [0x003B0C1D+199709]
Ordinal0 [0x003AEB0B+191243]
Ordinal0 [0x00392E77+77431]
Ordinal0 [0x00393E3E+81470]
Ordinal0 [0x00393DC9+81353]
Ordinal0 [0x00580CD9+2100441]
GetHandleVerifier [0x007EB75A+1396954]
GetHandleVerifier [0x007EB3D9+1396057]
GetHandleVerifier [0x007F7126+1444518]
GetHandleVerifier [0x007EBCE8+1398376]
Ordinal0 [0x00577F51+2064209]
Ordinal0 [0x005822EB+2106091]
Ordinal0 [0x00582411+2106385]
Ordinal0 [0x005949C4+2181572]
BaseThreadInitThunk [0x77366359+25]
RtlGetAppContainerNamedObjectPath [0x774E8944+228]
RtlGetAppContainerNamedObjectPath [0x774E8914+180]

at org.openqa.selenium.remote.W3CHandshakeResponse.lambda$new$0(W3CHandshakeResponse.java:57)
at org.openqa.selenium.remote.W3CHandshakeResponse.lambda$getResponseFunction$2(W3CHandshakeResponse.java:104)
at org.openqa.selenium.remote.ProtocolHandshake.lambda$createSession$0(ProtocolHandshake.java:122)
at java.util.stream.ReferencePipeline$3$1.accept(ReferencePipeline.java:193)
at java.util.Spliterators$ArraySpliterator.tryAdvance(Spliterators.java:958)
at java.util.stream.ReferencePipeline.forEachWithCancel(ReferencePipeline.java:126)
at java.util.stream.AbstractPipeline.copyIntoWithCancel(AbstractPipeline.java:499)
at java.util.stream.AbstractPipeline.copyInto(AbstractPipeline.java:486)
at java.util.stream.AbstractPipeline.wrapAndCopyInto(AbstractPipeline.java:472)
at java.util.stream.FindOps$FindOp.evaluateSequential(FindOps.java:152)
at java.util.stream.AbstractPipeline.evaluate(AbstractPipeline.java:234)
at java.util.stream.ReferencePipeline.findFirst(ReferencePipeline.java:464)
at org.openqa.selenium.remote.ProtocolHandshake.createSession(ProtocolHandshake.java:125)
at org.openqa.selenium.remote.ProtocolHandshake.createSession(ProtocolHandshake.java:73)
at org.openqa.selenium.remote.HttpCommandExecutor.execute(HttpCommandExecutor.java:136)
at org.openqa.selenium.remote.service.DriverCommandExecutor.execute(DriverCommandExecutor.java:83)
at org.openqa.selenium.remote.RemoteWebDriver.execute(RemoteWebDriver.java:548)
at org.openqa.selenium.remote.RemoteWebDriver.startSession(RemoteWebDriver.java:212)
at org.openqa.selenium.remote.RemoteWebDriver.<init>(RemoteWebDriver.java:130)
at org.openqa.selenium.chrome.ChromeDriver.<init>(ChromeDriver.java:181)
at org.openqa.selenium.chrome.ChromeDriver.<init>(ChromeDriver.java:168)
at org.openqa.selenium.chrome.ChromeDriver.<init>(ChromeDriver.java:123)
at com.guru99.ebanking.base.BaseClass.setup(BaseClass.java:40)
... Removed 30 stack frames]]>
    </failure>
  </testcase> <!-- @BeforeClass setup -->
  <testcase name="@AfterClass teardown" time="0.0" classname="com.guru99.ebanking.base.BaseClass">
    <skipped/>
  </testcase> <!-- @AfterClass teardown -->
  <testcase name="logintest" time="0.0" classname="com.guru99.ebanking.testcases.TC_LoginTestcase_01">
    <skipped/>
  </testcase> <!-- logintest -->
  <testcase name="logintest1" time="0.0" classname="com.guru99.ebanking.testcases.TC_LoginTestcase_01">
    <skipped/>
  </testcase> <!-- logintest1 -->
</testsuite> <!-- astppTestcase -->
